{
  "uid" : "c175eab56f93be4f",
  "name" : "Серчбар. Корректный поиск по артикулу / названию / бренду / размеру",
  "fullName" : "ru.wildberries.tests.search.PonedPageSearchTest.correctSearchByVendorCodeProductNameBrandSizeInSearchBar",
  "historyId" : "fd4e805c892bf30341a3bb8141f566b4",
  "time" : {
    "start" : 1622184032864,
    "stop" : 1622184066926,
    "duration" : 34062
  },
  "status" : "broken",
  "statusMessage" : "Timed out after 30 seconds. Unable to locate the element",
  "statusTrace" : "org.openqa.selenium.NoSuchElementException: Timed out after 30 seconds. Unable to locate the element\n\tat org.openqa.selenium.support.pagefactory.AjaxElementLocator.findElement(AjaxElementLocator.java:99)\n\tat org.openqa.selenium.support.pagefactory.internal.LocatingElementHandler.invoke(LocatingElementHandler.java:39)\n\tat ru.wildberries.htmlelements.decorator.proxyhandlers.WebElementNamedProxyHandler.invoke(WebElementNamedProxyHandler.java:23)\n\tat com.sun.proxy.$Proxy31.getWrappedElement(Unknown Source)\n\tat org.openqa.selenium.remote.internal.WebElementToJsonConverter.apply(WebElementToJsonConverter.java:52)\n\tat java.base/java.util.stream.ReferencePipeline$3$1.accept(ReferencePipeline.java:195)\n\tat java.base/java.util.Spliterators$ArraySpliterator.forEachRemaining(Spliterators.java:948)\n\tat java.base/java.util.stream.AbstractPipeline.copyInto(AbstractPipeline.java:484)\n\tat java.base/java.util.stream.AbstractPipeline.wrapAndCopyInto(AbstractPipeline.java:474)\n\tat java.base/java.util.stream.ReduceOps$ReduceOp.evaluateSequential(ReduceOps.java:913)\n\tat java.base/java.util.stream.AbstractPipeline.evaluate(AbstractPipeline.java:234)\n\tat java.base/java.util.stream.ReferencePipeline.collect(ReferencePipeline.java:578)\n\tat org.openqa.selenium.remote.RemoteWebDriver.executeScript(RemoteWebDriver.java:550)\n\tat ru.wildberries.htmlelements.element.BaseElement.scrollToElement(BaseElement.java:75)\n\tat ru.wildberries.htmlelements.element.Button.jsClick(Button.java:14)\n\tat ru.wildberries.pages.catalog.CatalogDetailPage.addToPoned(CatalogDetailPage.java:71)\n\tat ru.wildberries.tests.search.PonedPageSearchTest.correctSearchByVendorCodeProductNameBrandSizeInSearchBar(PonedPageSearchTest.java:41)\n\tat java.base/jdk.internal.reflect.NativeMethodAccessorImpl.invoke0(Native Method)\n\tat java.base/jdk.internal.reflect.NativeMethodAccessorImpl.invoke(NativeMethodAccessorImpl.java:62)\n\tat java.base/jdk.internal.reflect.DelegatingMethodAccessorImpl.invoke(DelegatingMethodAccessorImpl.java:43)\n\tat java.base/java.lang.reflect.Method.invoke(Method.java:566)\n\tat org.testng.internal.MethodInvocationHelper.invokeMethod(MethodInvocationHelper.java:133)\n\tat org.testng.internal.TestInvoker.invokeMethod(TestInvoker.java:598)\n\tat org.testng.internal.TestInvoker.invokeTestMethod(TestInvoker.java:173)\n\tat org.testng.internal.MethodRunner.runInSequence(MethodRunner.java:46)\n\tat org.testng.internal.TestInvoker$MethodInvocationAgent.invoke(TestInvoker.java:824)\n\tat org.testng.internal.TestInvoker.invokeTestMethods(TestInvoker.java:146)\n\tat org.testng.internal.TestMethodWorker.invokeTestMethods(TestMethodWorker.java:146)\n\tat org.testng.internal.TestMethodWorker.run(TestMethodWorker.java:128)\n\tat java.base/java.util.ArrayList.forEach(ArrayList.java:1541)\n\tat org.testng.TestRunner.privateRun(TestRunner.java:794)\n\tat org.testng.TestRunner.run(TestRunner.java:596)\n\tat org.testng.SuiteRunner.runTest(SuiteRunner.java:377)\n\tat org.testng.SuiteRunner.access$000(SuiteRunner.java:28)\n\tat org.testng.SuiteRunner$SuiteWorker.run(SuiteRunner.java:418)\n\tat org.testng.internal.thread.ThreadUtil.lambda$execute$0(ThreadUtil.java:64)\n\tat java.base/java.util.concurrent.FutureTask.run(FutureTask.java:264)\n\tat java.base/java.util.concurrent.ThreadPoolExecutor.runWorker(ThreadPoolExecutor.java:1128)\n\tat java.base/java.util.concurrent.ThreadPoolExecutor$Worker.run(ThreadPoolExecutor.java:628)\n\tat java.base/java.lang.Thread.run(Thread.java:829)\nCaused by: org.openqa.selenium.NoSuchElementException: no such element: Unable to locate element: {\"method\":\"xpath\",\"selector\":\"(.//div[@data-qa='gallery']//i)[1]/..\"}\n  (Session info: headless chrome=90.0.4430.85)\nFor documentation on this error, please visit: https://selenium.dev/exceptions/#no_such_element\nBuild info: version: '4.0.0-beta-3', revision: '5d108f9a67'\nSystem info: host: 'runner-zwfryps-project-4682-concurrent-0', ip: '172.17.0.4', os.name: 'Linux', os.arch: 'amd64', os.version: '4.19.0-14-amd64', java.version: '11.0.11'\nDriver info: org.openqa.selenium.remote.RemoteWebDriver\nCommand: [67b13583526f1cff7ff300acaa5dfaba, findElement {using=xpath, value=(.//div[@data-qa='gallery']//i)[1]/..}]\nCapabilities {acceptInsecureCerts: true, browserName: chrome, browserVersion: 90.0.4430.85, chrome: {chromedriverVersion: 90.0.4430.24 (4c6d850f087da..., userDataDir: /tmp/.com.google.Chrome.lOjScN}, goog:chromeOptions: {debuggerAddress: localhost:33547}, javascriptEnabled: true, networkConnectionEnabled: false, pageLoadStrategy: normal, platform: LINUX, platformName: LINUX, proxy: Proxy(), setWindowRect: true, strictFileInteractability: false, timeouts: {implicit: 0, pageLoad: 300000, script: 30000}, unhandledPromptBehavior: accept, webauthn:extension:largeBlob: true, webauthn:virtualAuthenticators: true, webdriver.remote.sessionid: 67b13583526f1cff7ff300acaa5...}\nSession ID: 67b13583526f1cff7ff300acaa5dfaba\n\tat jdk.internal.reflect.GeneratedConstructorAccessor28.newInstance(Unknown Source)\n\tat java.base/jdk.internal.reflect.DelegatingConstructorAccessorImpl.newInstance(DelegatingConstructorAccessorImpl.java:45)\n\tat java.base/java.lang.reflect.Constructor.newInstance(Constructor.java:490)\n\tat org.openqa.selenium.remote.codec.w3c.W3CHttpResponseCodec.createException(W3CHttpResponseCodec.java:198)\n\tat org.openqa.selenium.remote.codec.w3c.W3CHttpResponseCodec.decode(W3CHttpResponseCodec.java:131)\n\tat org.openqa.selenium.remote.codec.w3c.W3CHttpResponseCodec.decode(W3CHttpResponseCodec.java:52)\n\tat org.openqa.selenium.remote.HttpCommandExecutor.execute(HttpCommandExecutor.java:184)\n\tat org.openqa.selenium.remote.TracedCommandExecutor.execute(TracedCommandExecutor.java:39)\n\tat org.openqa.selenium.remote.RemoteWebDriver.execute(RemoteWebDriver.java:619)\n\tat org.openqa.selenium.remote.RemoteWebDriver$Mechanism$2.findElement(RemoteWebDriver.java:1258)\n\tat org.openqa.selenium.remote.RemoteWebDriver.findElement(RemoteWebDriver.java:386)\n\tat org.openqa.selenium.remote.RemoteWebDriver.findElement(RemoteWebDriver.java:380)\n\tat org.openqa.selenium.support.pagefactory.DefaultElementLocator.findElement(DefaultElementLocator.java:70)\n\tat org.openqa.selenium.support.pagefactory.AjaxElementLocator.access$001(AjaxElementLocator.java:39)\n\tat org.openqa.selenium.support.pagefactory.AjaxElementLocator$SlowLoadingElement.isLoaded(AjaxElementLocator.java:165)\n\tat org.openqa.selenium.support.ui.SlowLoadableComponent.get(SlowLoadableComponent.java:72)\n\tat org.openqa.selenium.support.pagefactory.AjaxElementLocator.findElement(AjaxElementLocator.java:95)\n\t... 39 more\n",
  "flaky" : false,
  "beforeStages" : [ {
    "name" : "setUp",
    "time" : {
      "start" : 1622184015589,
      "stop" : 1622184032863,
      "duration" : 17274
    },
    "description" : "",
    "status" : "passed",
    "steps" : [ {
      "name" : "Init Test",
      "time" : {
        "start" : 1622184016465,
        "stop" : 1622184032863,
        "duration" : 16398
      },
      "status" : "passed",
      "steps" : [ {
        "name" : "Init User",
        "time" : {
          "start" : 1622184016465,
          "stop" : 1622184026218,
          "duration" : 9753
        },
        "status" : "passed",
        "steps" : [ {
          "name" : "Login with User: User(countryCode=7, phone=8000010000)",
          "time" : {
            "start" : 1622184016465,
            "stop" : 1622184021199,
            "duration" : 4734
          },
          "status" : "passed",
          "steps" : [ {
            "name" : "Открыть страницу Авторизации",
            "time" : {
              "start" : 1622184016465,
              "stop" : 1622184018871,
              "duration" : 2406
            },
            "status" : "passed",
            "steps" : [ {
              "name" : "Открыть страницу: /security/login",
              "time" : {
                "start" : 1622184016465,
                "stop" : 1622184018631,
                "duration" : 2166
              },
              "status" : "passed",
              "steps" : [ {
                "name" : "Открыть страницу: https://www.wildberries.ru/security/login",
                "time" : {
                  "start" : 1622184016465,
                  "stop" : 1622184017474,
                  "duration" : 1009
                },
                "status" : "passed",
                "steps" : [ ],
                "attachments" : [ ],
                "parameters" : [ {
                  "name" : "url",
                  "value" : "https://www.wildberries.ru/security/login"
                } ],
                "stepsCount" : 0,
                "attachmentsCount" : 0,
                "shouldDisplayMessage" : false,
                "hasContent" : true
              }, {
                "name" : "Ожидание загрузки страницы 'Авторизация. Ввод номера телефона'",
                "time" : {
                  "start" : 1622184018322,
                  "stop" : 1622184018430,
                  "duration" : 108
                },
                "status" : "passed",
                "steps" : [ ],
                "attachments" : [ ],
                "parameters" : [ ],
                "stepsCount" : 0,
                "attachmentsCount" : 0,
                "shouldDisplayMessage" : false,
                "hasContent" : false
              }, {
                "name" : "Ожидание загрузки страницы 'Авторизация. Ввод номера телефона'",
                "time" : {
                  "start" : 1622184018497,
                  "stop" : 1622184018574,
                  "duration" : 77
                },
                "status" : "passed",
                "steps" : [ ],
                "attachments" : [ ],
                "parameters" : [ ],
                "stepsCount" : 0,
                "attachmentsCount" : 0,
                "shouldDisplayMessage" : false,
                "hasContent" : false
              } ],
              "attachments" : [ ],
              "parameters" : [ {
                "name" : "siteRoute",
                "value" : "LOGIN"
              } ],
              "stepsCount" : 3,
              "attachmentsCount" : 0,
              "shouldDisplayMessage" : false,
              "hasContent" : true
            }, {
              "name" : "Ожидание загрузки страницы 'Авторизация. Ввод номера телефона'",
              "time" : {
                "start" : 1622184018631,
                "stop" : 1622184018701,
                "duration" : 70
              },
              "status" : "passed",
              "steps" : [ ],
              "attachments" : [ ],
              "parameters" : [ ],
              "stepsCount" : 0,
              "attachmentsCount" : 0,
              "shouldDisplayMessage" : false,
              "hasContent" : false
            }, {
              "name" : "Ожидание загрузки страницы 'Авторизация. Ввод номера телефона'",
              "time" : {
                "start" : 1622184018754,
                "stop" : 1622184018821,
                "duration" : 67
              },
              "status" : "passed",
              "steps" : [ ],
              "attachments" : [ ],
              "parameters" : [ ],
              "stepsCount" : 0,
              "attachmentsCount" : 0,
              "shouldDisplayMessage" : false,
              "hasContent" : false
            } ],
            "attachments" : [ ],
            "parameters" : [ ],
            "stepsCount" : 6,
            "attachmentsCount" : 0,
            "shouldDisplayMessage" : false,
            "hasContent" : true
          }, {
            "name" : "Ввести номер телефона: 8000010000",
            "time" : {
              "start" : 1622184018871,
              "stop" : 1622184020627,
              "duration" : 1756
            },
            "status" : "passed",
            "steps" : [ {
              "name" : "Ожидание загрузки страницы 'Авторизация. Ввод СМС кода подтверждения'",
              "time" : {
                "start" : 1622184020141,
                "stop" : 1622184020477,
                "duration" : 336
              },
              "status" : "passed",
              "steps" : [ ],
              "attachments" : [ ],
              "parameters" : [ ],
              "stepsCount" : 0,
              "attachmentsCount" : 0,
              "shouldDisplayMessage" : false,
              "hasContent" : false
            }, {
              "name" : "Ожидание загрузки страницы 'Авторизация. Ввод СМС кода подтверждения'",
              "time" : {
                "start" : 1622184020533,
                "stop" : 1622184020567,
                "duration" : 34
              },
              "status" : "passed",
              "steps" : [ ],
              "attachments" : [ ],
              "parameters" : [ ],
              "stepsCount" : 0,
              "attachmentsCount" : 0,
              "shouldDisplayMessage" : false,
              "hasContent" : false
            } ],
            "attachments" : [ ],
            "parameters" : [ {
              "name" : "phoneNumber",
              "value" : "8000010000"
            } ],
            "stepsCount" : 2,
            "attachmentsCount" : 0,
            "shouldDisplayMessage" : false,
            "hasContent" : true
          }, {
            "name" : "Ввести СМС код: 3755",
            "time" : {
              "start" : 1622184020627,
              "stop" : 1622184021199,
              "duration" : 572
            },
            "status" : "passed",
            "steps" : [ ],
            "attachments" : [ ],
            "parameters" : [ {
              "name" : "smsCode",
              "value" : "3755"
            } ],
            "stepsCount" : 0,
            "attachmentsCount" : 0,
            "shouldDisplayMessage" : false,
            "hasContent" : true
          } ],
          "attachments" : [ ],
          "parameters" : [ {
            "name" : "user",
            "value" : "User(countryCode=7, phone=8000010000)"
          } ],
          "stepsCount" : 11,
          "attachmentsCount" : 0,
          "shouldDisplayMessage" : false,
          "hasContent" : true
        } ],
        "attachments" : [ ],
        "parameters" : [ {
          "name" : "testAttributes",
          "value" : "@ru.wildberries.annotations.TestAttributes(testId=0, excludedLocales={}, clean=true, auth=true, includedLocales={}, siteClient=MOBILE)"
        } ],
        "stepsCount" : 12,
        "attachmentsCount" : 0,
        "shouldDisplayMessage" : false,
        "hasContent" : true
      }, {
        "name" : "Clean Account",
        "time" : {
          "start" : 1622184026218,
          "stop" : 1622184032863,
          "duration" : 6645
        },
        "status" : "passed",
        "steps" : [ ],
        "attachments" : [ ],
        "parameters" : [ {
          "name" : "testAttributes",
          "value" : "@ru.wildberries.annotations.TestAttributes(testId=0, excludedLocales={}, clean=true, auth=true, includedLocales={}, siteClient=MOBILE)"
        } ],
        "stepsCount" : 0,
        "attachmentsCount" : 0,
        "shouldDisplayMessage" : false,
        "hasContent" : true
      } ],
      "attachments" : [ ],
      "parameters" : [ {
        "name" : "testMethod",
        "value" : "public void ru.wildberries.tests.search.PonedPageSearchTest.correctSearchByVendorCodeProductNameBrandSizeInSearchBar(ru.wildberries.models.catalog.CatalogItem)"
      }, {
        "name" : "testResult",
        "value" : "[TestResult name={null} status=CREATED method=PonedPageSearchTest.correctSearchByVendorCodeProductNameBrandSizeInSearchBar(ru.wildberries.models.catalog.CatalogItem)[pri:0, instance:ru.wildberries.tests.search.PonedPageSearchTest@4a890fdd] output={null}]"
      } ],
      "stepsCount" : 14,
      "attachmentsCount" : 0,
      "shouldDisplayMessage" : false,
      "hasContent" : true
    } ],
    "attachments" : [ ],
    "parameters" : [ ],
    "stepsCount" : 15,
    "attachmentsCount" : 0,
    "shouldDisplayMessage" : false,
    "hasContent" : true
  } ],
  "testStage" : {
    "status" : "broken",
    "statusMessage" : "Timed out after 30 seconds. Unable to locate the element",
    "statusTrace" : "org.openqa.selenium.NoSuchElementException: Timed out after 30 seconds. Unable to locate the element\n\tat org.openqa.selenium.support.pagefactory.AjaxElementLocator.findElement(AjaxElementLocator.java:99)\n\tat org.openqa.selenium.support.pagefactory.internal.LocatingElementHandler.invoke(LocatingElementHandler.java:39)\n\tat ru.wildberries.htmlelements.decorator.proxyhandlers.WebElementNamedProxyHandler.invoke(WebElementNamedProxyHandler.java:23)\n\tat com.sun.proxy.$Proxy31.getWrappedElement(Unknown Source)\n\tat org.openqa.selenium.remote.internal.WebElementToJsonConverter.apply(WebElementToJsonConverter.java:52)\n\tat java.base/java.util.stream.ReferencePipeline$3$1.accept(ReferencePipeline.java:195)\n\tat java.base/java.util.Spliterators$ArraySpliterator.forEachRemaining(Spliterators.java:948)\n\tat java.base/java.util.stream.AbstractPipeline.copyInto(AbstractPipeline.java:484)\n\tat java.base/java.util.stream.AbstractPipeline.wrapAndCopyInto(AbstractPipeline.java:474)\n\tat java.base/java.util.stream.ReduceOps$ReduceOp.evaluateSequential(ReduceOps.java:913)\n\tat java.base/java.util.stream.AbstractPipeline.evaluate(AbstractPipeline.java:234)\n\tat java.base/java.util.stream.ReferencePipeline.collect(ReferencePipeline.java:578)\n\tat org.openqa.selenium.remote.RemoteWebDriver.executeScript(RemoteWebDriver.java:550)\n\tat ru.wildberries.htmlelements.element.BaseElement.scrollToElement(BaseElement.java:75)\n\tat ru.wildberries.htmlelements.element.Button.jsClick(Button.java:14)\n\tat ru.wildberries.pages.catalog.CatalogDetailPage.addToPoned(CatalogDetailPage.java:71)\n\tat ru.wildberries.tests.search.PonedPageSearchTest.correctSearchByVendorCodeProductNameBrandSizeInSearchBar(PonedPageSearchTest.java:41)\n\tat java.base/jdk.internal.reflect.NativeMethodAccessorImpl.invoke0(Native Method)\n\tat java.base/jdk.internal.reflect.NativeMethodAccessorImpl.invoke(NativeMethodAccessorImpl.java:62)\n\tat java.base/jdk.internal.reflect.DelegatingMethodAccessorImpl.invoke(DelegatingMethodAccessorImpl.java:43)\n\tat java.base/java.lang.reflect.Method.invoke(Method.java:566)\n\tat org.testng.internal.MethodInvocationHelper.invokeMethod(MethodInvocationHelper.java:133)\n\tat org.testng.internal.TestInvoker.invokeMethod(TestInvoker.java:598)\n\tat org.testng.internal.TestInvoker.invokeTestMethod(TestInvoker.java:173)\n\tat org.testng.internal.MethodRunner.runInSequence(MethodRunner.java:46)\n\tat org.testng.internal.TestInvoker$MethodInvocationAgent.invoke(TestInvoker.java:824)\n\tat org.testng.internal.TestInvoker.invokeTestMethods(TestInvoker.java:146)\n\tat org.testng.internal.TestMethodWorker.invokeTestMethods(TestMethodWorker.java:146)\n\tat org.testng.internal.TestMethodWorker.run(TestMethodWorker.java:128)\n\tat java.base/java.util.ArrayList.forEach(ArrayList.java:1541)\n\tat org.testng.TestRunner.privateRun(TestRunner.java:794)\n\tat org.testng.TestRunner.run(TestRunner.java:596)\n\tat org.testng.SuiteRunner.runTest(SuiteRunner.java:377)\n\tat org.testng.SuiteRunner.access$000(SuiteRunner.java:28)\n\tat org.testng.SuiteRunner$SuiteWorker.run(SuiteRunner.java:418)\n\tat org.testng.internal.thread.ThreadUtil.lambda$execute$0(ThreadUtil.java:64)\n\tat java.base/java.util.concurrent.FutureTask.run(FutureTask.java:264)\n\tat java.base/java.util.concurrent.ThreadPoolExecutor.runWorker(ThreadPoolExecutor.java:1128)\n\tat java.base/java.util.concurrent.ThreadPoolExecutor$Worker.run(ThreadPoolExecutor.java:628)\n\tat java.base/java.lang.Thread.run(Thread.java:829)\nCaused by: org.openqa.selenium.NoSuchElementException: no such element: Unable to locate element: {\"method\":\"xpath\",\"selector\":\"(.//div[@data-qa='gallery']//i)[1]/..\"}\n  (Session info: headless chrome=90.0.4430.85)\nFor documentation on this error, please visit: https://selenium.dev/exceptions/#no_such_element\nBuild info: version: '4.0.0-beta-3', revision: '5d108f9a67'\nSystem info: host: 'runner-zwfryps-project-4682-concurrent-0', ip: '172.17.0.4', os.name: 'Linux', os.arch: 'amd64', os.version: '4.19.0-14-amd64', java.version: '11.0.11'\nDriver info: org.openqa.selenium.remote.RemoteWebDriver\nCommand: [67b13583526f1cff7ff300acaa5dfaba, findElement {using=xpath, value=(.//div[@data-qa='gallery']//i)[1]/..}]\nCapabilities {acceptInsecureCerts: true, browserName: chrome, browserVersion: 90.0.4430.85, chrome: {chromedriverVersion: 90.0.4430.24 (4c6d850f087da..., userDataDir: /tmp/.com.google.Chrome.lOjScN}, goog:chromeOptions: {debuggerAddress: localhost:33547}, javascriptEnabled: true, networkConnectionEnabled: false, pageLoadStrategy: normal, platform: LINUX, platformName: LINUX, proxy: Proxy(), setWindowRect: true, strictFileInteractability: false, timeouts: {implicit: 0, pageLoad: 300000, script: 30000}, unhandledPromptBehavior: accept, webauthn:extension:largeBlob: true, webauthn:virtualAuthenticators: true, webdriver.remote.sessionid: 67b13583526f1cff7ff300acaa5...}\nSession ID: 67b13583526f1cff7ff300acaa5dfaba\n\tat jdk.internal.reflect.GeneratedConstructorAccessor28.newInstance(Unknown Source)\n\tat java.base/jdk.internal.reflect.DelegatingConstructorAccessorImpl.newInstance(DelegatingConstructorAccessorImpl.java:45)\n\tat java.base/java.lang.reflect.Constructor.newInstance(Constructor.java:490)\n\tat org.openqa.selenium.remote.codec.w3c.W3CHttpResponseCodec.createException(W3CHttpResponseCodec.java:198)\n\tat org.openqa.selenium.remote.codec.w3c.W3CHttpResponseCodec.decode(W3CHttpResponseCodec.java:131)\n\tat org.openqa.selenium.remote.codec.w3c.W3CHttpResponseCodec.decode(W3CHttpResponseCodec.java:52)\n\tat org.openqa.selenium.remote.HttpCommandExecutor.execute(HttpCommandExecutor.java:184)\n\tat org.openqa.selenium.remote.TracedCommandExecutor.execute(TracedCommandExecutor.java:39)\n\tat org.openqa.selenium.remote.RemoteWebDriver.execute(RemoteWebDriver.java:619)\n\tat org.openqa.selenium.remote.RemoteWebDriver$Mechanism$2.findElement(RemoteWebDriver.java:1258)\n\tat org.openqa.selenium.remote.RemoteWebDriver.findElement(RemoteWebDriver.java:386)\n\tat org.openqa.selenium.remote.RemoteWebDriver.findElement(RemoteWebDriver.java:380)\n\tat org.openqa.selenium.support.pagefactory.DefaultElementLocator.findElement(DefaultElementLocator.java:70)\n\tat org.openqa.selenium.support.pagefactory.AjaxElementLocator.access$001(AjaxElementLocator.java:39)\n\tat org.openqa.selenium.support.pagefactory.AjaxElementLocator$SlowLoadingElement.isLoaded(AjaxElementLocator.java:165)\n\tat org.openqa.selenium.support.ui.SlowLoadableComponent.get(SlowLoadableComponent.java:72)\n\tat org.openqa.selenium.support.pagefactory.AjaxElementLocator.findElement(AjaxElementLocator.java:95)\n\t... 39 more\n",
    "steps" : [ {
      "name" : "Открыть главную страницу",
      "time" : {
        "start" : 1622184032864,
        "stop" : 1622184034177,
        "duration" : 1313
      },
      "status" : "passed",
      "steps" : [ {
        "name" : "Открыть страницу: https://www.wildberries.ru",
        "time" : {
          "start" : 1622184032864,
          "stop" : 1622184034177,
          "duration" : 1313
        },
        "status" : "passed",
        "steps" : [ {
          "name" : "Открыть страницу: https://www.wildberries.ru",
          "time" : {
            "start" : 1622184032864,
            "stop" : 1622184033913,
            "duration" : 1049
          },
          "status" : "passed",
          "steps" : [ ],
          "attachments" : [ ],
          "parameters" : [ {
            "name" : "url",
            "value" : "https://www.wildberries.ru"
          } ],
          "stepsCount" : 0,
          "attachmentsCount" : 0,
          "shouldDisplayMessage" : false,
          "hasContent" : true
        }, {
          "name" : "Ожидание загрузки страницы 'Главная'",
          "time" : {
            "start" : 1622184033915,
            "stop" : 1622184033978,
            "duration" : 63
          },
          "status" : "passed",
          "steps" : [ ],
          "attachments" : [ ],
          "parameters" : [ ],
          "stepsCount" : 0,
          "attachmentsCount" : 0,
          "shouldDisplayMessage" : false,
          "hasContent" : false
        }, {
          "name" : "Ожидание загрузки страницы 'Главная'",
          "time" : {
            "start" : 1622184034045,
            "stop" : 1622184034104,
            "duration" : 59
          },
          "status" : "passed",
          "steps" : [ ],
          "attachments" : [ ],
          "parameters" : [ ],
          "stepsCount" : 0,
          "attachmentsCount" : 0,
          "shouldDisplayMessage" : false,
          "hasContent" : false
        } ],
        "attachments" : [ ],
        "parameters" : [ {
          "name" : "url",
          "value" : "https://www.wildberries.ru"
        }, {
          "name" : "pageClass",
          "value" : "class ru.wildberries.pages.home.HomePage"
        } ],
        "stepsCount" : 3,
        "attachmentsCount" : 0,
        "shouldDisplayMessage" : false,
        "hasContent" : true
      } ],
      "attachments" : [ ],
      "parameters" : [ ],
      "stepsCount" : 4,
      "attachmentsCount" : 0,
      "shouldDisplayMessage" : false,
      "hasContent" : true
    }, {
      "name" : "Осуществить поиск по строке '5275302'",
      "time" : {
        "start" : 1622184034177,
        "stop" : 1622184035723,
        "duration" : 1546
      },
      "status" : "passed",
      "steps" : [ {
        "name" : "Ожидание загрузки страницы 'Карточка товара'",
        "time" : {
          "start" : 1622184034917,
          "stop" : 1622184035261,
          "duration" : 344
        },
        "status" : "passed",
        "steps" : [ ],
        "attachments" : [ ],
        "parameters" : [ ],
        "stepsCount" : 0,
        "attachmentsCount" : 0,
        "shouldDisplayMessage" : false,
        "hasContent" : false
      }, {
        "name" : "Ожидание загрузки страницы 'Карточка товара'",
        "time" : {
          "start" : 1622184035582,
          "stop" : 1622184035632,
          "duration" : 50
        },
        "status" : "passed",
        "steps" : [ ],
        "attachments" : [ ],
        "parameters" : [ ],
        "stepsCount" : 0,
        "attachmentsCount" : 0,
        "shouldDisplayMessage" : false,
        "hasContent" : false
      } ],
      "attachments" : [ ],
      "parameters" : [ {
        "name" : "searchText",
        "value" : "5275302"
      }, {
        "name" : "searchContext",
        "value" : "class ru.wildberries.pages.catalog.CatalogDetailPage"
      } ],
      "stepsCount" : 2,
      "attachmentsCount" : 0,
      "shouldDisplayMessage" : false,
      "hasContent" : true
    }, {
      "name" : "Получить модель карточки товара",
      "time" : {
        "start" : 1622184035724,
        "stop" : 1622184036324,
        "duration" : 600
      },
      "status" : "passed",
      "steps" : [ {
        "name" : "Получить бренд товара",
        "time" : {
          "start" : 1622184035724,
          "stop" : 1622184035797,
          "duration" : 73
        },
        "status" : "passed",
        "steps" : [ ],
        "attachments" : [ ],
        "parameters" : [ ],
        "stepsCount" : 0,
        "attachmentsCount" : 0,
        "shouldDisplayMessage" : false,
        "hasContent" : false
      }, {
        "name" : "Получить название товара",
        "time" : {
          "start" : 1622184035797,
          "stop" : 1622184036128,
          "duration" : 331
        },
        "status" : "passed",
        "steps" : [ ],
        "attachments" : [ ],
        "parameters" : [ ],
        "stepsCount" : 0,
        "attachmentsCount" : 0,
        "shouldDisplayMessage" : false,
        "hasContent" : false
      }, {
        "name" : "Получить MultiPrice",
        "time" : {
          "start" : 1622184036128,
          "stop" : 1622184036265,
          "duration" : 137
        },
        "status" : "passed",
        "steps" : [ ],
        "attachments" : [ ],
        "parameters" : [ ],
        "stepsCount" : 0,
        "attachmentsCount" : 0,
        "shouldDisplayMessage" : false,
        "hasContent" : false
      }, {
        "name" : "Получить артикул",
        "time" : {
          "start" : 1622184036265,
          "stop" : 1622184036324,
          "duration" : 59
        },
        "status" : "passed",
        "steps" : [ ],
        "attachments" : [ ],
        "parameters" : [ ],
        "stepsCount" : 0,
        "attachmentsCount" : 0,
        "shouldDisplayMessage" : false,
        "hasContent" : false
      } ],
      "attachments" : [ ],
      "parameters" : [ ],
      "stepsCount" : 4,
      "attachmentsCount" : 0,
      "shouldDisplayMessage" : false,
      "hasContent" : true
    }, {
      "name" : "Выбрать размер: 3XL",
      "time" : {
        "start" : 1622184036324,
        "stop" : 1622184036766,
        "duration" : 442
      },
      "status" : "passed",
      "steps" : [ {
        "name" : "Получить доступные размеры",
        "time" : {
          "start" : 1622184036376,
          "stop" : 1622184036441,
          "duration" : 65
        },
        "status" : "passed",
        "steps" : [ ],
        "attachments" : [ ],
        "parameters" : [ ],
        "stepsCount" : 0,
        "attachmentsCount" : 0,
        "shouldDisplayMessage" : false,
        "hasContent" : false
      }, {
        "name" : "Выбрать элемент в коллекции 'sizes Buttons' содержащий '3XL'",
        "time" : {
          "start" : 1622184036441,
          "stop" : 1622184036715,
          "duration" : 274
        },
        "status" : "passed",
        "steps" : [ {
          "name" : "Дождаться элементов коллекции 'sizes Buttons'",
          "time" : {
            "start" : 1622184036441,
            "stop" : 1622184036489,
            "duration" : 48
          },
          "status" : "passed",
          "steps" : [ ],
          "attachments" : [ ],
          "parameters" : [ {
            "name" : "list",
            "value" : "sizes Buttons"
          } ],
          "stepsCount" : 0,
          "attachmentsCount" : 0,
          "shouldDisplayMessage" : false,
          "hasContent" : true
        } ],
        "attachments" : [ ],
        "parameters" : [ {
          "name" : "text",
          "value" : "3XL"
        }, {
          "name" : "list",
          "value" : "sizes Buttons"
        } ],
        "stepsCount" : 1,
        "attachmentsCount" : 0,
        "shouldDisplayMessage" : false,
        "hasContent" : true
      } ],
      "attachments" : [ ],
      "parameters" : [ {
        "name" : "size",
        "value" : "3XL"
      } ],
      "stepsCount" : 3,
      "attachmentsCount" : 0,
      "shouldDisplayMessage" : false,
      "hasContent" : true
    }, {
      "name" : "Добавить в отложенные",
      "time" : {
        "start" : 1622184036766,
        "stop" : 1622184066925,
        "duration" : 30159
      },
      "status" : "broken",
      "statusMessage" : "Timed out after 30 seconds. Unable to locate the element",
      "statusTrace" : "org.openqa.selenium.NoSuchElementException: Timed out after 30 seconds. Unable to locate the element\n\tat org.openqa.selenium.support.pagefactory.AjaxElementLocator.findElement(AjaxElementLocator.java:99)\n\tat org.openqa.selenium.support.pagefactory.internal.LocatingElementHandler.invoke(LocatingElementHandler.java:39)\n\tat ru.wildberries.htmlelements.decorator.proxyhandlers.WebElementNamedProxyHandler.invoke(WebElementNamedProxyHandler.java:23)\n\tat com.sun.proxy.$Proxy31.getWrappedElement(Unknown Source)\n\tat org.openqa.selenium.remote.internal.WebElementToJsonConverter.apply(WebElementToJsonConverter.java:52)\n\tat java.base/java.util.stream.ReferencePipeline$3$1.accept(ReferencePipeline.java:195)\n\tat java.base/java.util.Spliterators$ArraySpliterator.forEachRemaining(Spliterators.java:948)\n\tat java.base/java.util.stream.AbstractPipeline.copyInto(AbstractPipeline.java:484)\n\tat java.base/java.util.stream.AbstractPipeline.wrapAndCopyInto(AbstractPipeline.java:474)\n\tat java.base/java.util.stream.ReduceOps$ReduceOp.evaluateSequential(ReduceOps.java:913)\n\tat java.base/java.util.stream.AbstractPipeline.evaluate(AbstractPipeline.java:234)\n\tat java.base/java.util.stream.ReferencePipeline.collect(ReferencePipeline.java:578)\n\tat org.openqa.selenium.remote.RemoteWebDriver.executeScript(RemoteWebDriver.java:550)\n\tat ru.wildberries.htmlelements.element.BaseElement.scrollToElement(BaseElement.java:75)\n\tat ru.wildberries.htmlelements.element.Button.jsClick(Button.java:14)\n\tat ru.wildberries.pages.catalog.CatalogDetailPage.addToPoned(CatalogDetailPage.java:71)\n\tat ru.wildberries.tests.search.PonedPageSearchTest.correctSearchByVendorCodeProductNameBrandSizeInSearchBar(PonedPageSearchTest.java:41)\n\tat java.base/jdk.internal.reflect.NativeMethodAccessorImpl.invoke0(Native Method)\n\tat java.base/jdk.internal.reflect.NativeMethodAccessorImpl.invoke(NativeMethodAccessorImpl.java:62)\n\tat java.base/jdk.internal.reflect.DelegatingMethodAccessorImpl.invoke(DelegatingMethodAccessorImpl.java:43)\n\tat java.base/java.lang.reflect.Method.invoke(Method.java:566)\n\tat org.testng.internal.MethodInvocationHelper.invokeMethod(MethodInvocationHelper.java:133)\n\tat org.testng.internal.TestInvoker.invokeMethod(TestInvoker.java:598)\n\tat org.testng.internal.TestInvoker.invokeTestMethod(TestInvoker.java:173)\n\tat org.testng.internal.MethodRunner.runInSequence(MethodRunner.java:46)\n\tat org.testng.internal.TestInvoker$MethodInvocationAgent.invoke(TestInvoker.java:824)\n\tat org.testng.internal.TestInvoker.invokeTestMethods(TestInvoker.java:146)\n\tat org.testng.internal.TestMethodWorker.invokeTestMethods(TestMethodWorker.java:146)\n\tat org.testng.internal.TestMethodWorker.run(TestMethodWorker.java:128)\n\tat java.base/java.util.ArrayList.forEach(ArrayList.java:1541)\n\tat org.testng.TestRunner.privateRun(TestRunner.java:794)\n\tat org.testng.TestRunner.run(TestRunner.java:596)\n\tat org.testng.SuiteRunner.runTest(SuiteRunner.java:377)\n\tat org.testng.SuiteRunner.access$000(SuiteRunner.java:28)\n\tat org.testng.SuiteRunner$SuiteWorker.run(SuiteRunner.java:418)\n\tat org.testng.internal.thread.ThreadUtil.lambda$execute$0(ThreadUtil.java:64)\n\tat java.base/java.util.concurrent.FutureTask.run(FutureTask.java:264)\n\tat java.base/java.util.concurrent.ThreadPoolExecutor.runWorker(ThreadPoolExecutor.java:1128)\n\tat java.base/java.util.concurrent.ThreadPoolExecutor$Worker.run(ThreadPoolExecutor.java:628)\n\tat java.base/java.lang.Thread.run(Thread.java:829)\nCaused by: org.openqa.selenium.NoSuchElementException: no such element: Unable to locate element: {\"method\":\"xpath\",\"selector\":\"(.//div[@data-qa='gallery']//i)[1]/..\"}\n  (Session info: headless chrome=90.0.4430.85)\nFor documentation on this error, please visit: https://selenium.dev/exceptions/#no_such_element\nBuild info: version: '4.0.0-beta-3', revision: '5d108f9a67'\nSystem info: host: 'runner-zwfryps-project-4682-concurrent-0', ip: '172.17.0.4', os.name: 'Linux', os.arch: 'amd64', os.version: '4.19.0-14-amd64', java.version: '11.0.11'\nDriver info: org.openqa.selenium.remote.RemoteWebDriver\nCommand: [67b13583526f1cff7ff300acaa5dfaba, findElement {using=xpath, value=(.//div[@data-qa='gallery']//i)[1]/..}]\nCapabilities {acceptInsecureCerts: true, browserName: chrome, browserVersion: 90.0.4430.85, chrome: {chromedriverVersion: 90.0.4430.24 (4c6d850f087da..., userDataDir: /tmp/.com.google.Chrome.lOjScN}, goog:chromeOptions: {debuggerAddress: localhost:33547}, javascriptEnabled: true, networkConnectionEnabled: false, pageLoadStrategy: normal, platform: LINUX, platformName: LINUX, proxy: Proxy(), setWindowRect: true, strictFileInteractability: false, timeouts: {implicit: 0, pageLoad: 300000, script: 30000}, unhandledPromptBehavior: accept, webauthn:extension:largeBlob: true, webauthn:virtualAuthenticators: true, webdriver.remote.sessionid: 67b13583526f1cff7ff300acaa5...}\nSession ID: 67b13583526f1cff7ff300acaa5dfaba\n\tat jdk.internal.reflect.GeneratedConstructorAccessor28.newInstance(Unknown Source)\n\tat java.base/jdk.internal.reflect.DelegatingConstructorAccessorImpl.newInstance(DelegatingConstructorAccessorImpl.java:45)\n\tat java.base/java.lang.reflect.Constructor.newInstance(Constructor.java:490)\n\tat org.openqa.selenium.remote.codec.w3c.W3CHttpResponseCodec.createException(W3CHttpResponseCodec.java:198)\n\tat org.openqa.selenium.remote.codec.w3c.W3CHttpResponseCodec.decode(W3CHttpResponseCodec.java:131)\n\tat org.openqa.selenium.remote.codec.w3c.W3CHttpResponseCodec.decode(W3CHttpResponseCodec.java:52)\n\tat org.openqa.selenium.remote.HttpCommandExecutor.execute(HttpCommandExecutor.java:184)\n\tat org.openqa.selenium.remote.TracedCommandExecutor.execute(TracedCommandExecutor.java:39)\n\tat org.openqa.selenium.remote.RemoteWebDriver.execute(RemoteWebDriver.java:619)\n\tat org.openqa.selenium.remote.RemoteWebDriver$Mechanism$2.findElement(RemoteWebDriver.java:1258)\n\tat org.openqa.selenium.remote.RemoteWebDriver.findElement(RemoteWebDriver.java:386)\n\tat org.openqa.selenium.remote.RemoteWebDriver.findElement(RemoteWebDriver.java:380)\n\tat org.openqa.selenium.support.pagefactory.DefaultElementLocator.findElement(DefaultElementLocator.java:70)\n\tat org.openqa.selenium.support.pagefactory.AjaxElementLocator.access$001(AjaxElementLocator.java:39)\n\tat org.openqa.selenium.support.pagefactory.AjaxElementLocator$SlowLoadingElement.isLoaded(AjaxElementLocator.java:165)\n\tat org.openqa.selenium.support.ui.SlowLoadableComponent.get(SlowLoadableComponent.java:72)\n\tat org.openqa.selenium.support.pagefactory.AjaxElementLocator.findElement(AjaxElementLocator.java:95)\n\t... 39 more\n",
      "steps" : [ ],
      "attachments" : [ ],
      "parameters" : [ ],
      "stepsCount" : 0,
      "attachmentsCount" : 0,
      "shouldDisplayMessage" : true,
      "hasContent" : true
    } ],
    "attachments" : [ ],
    "parameters" : [ ],
    "stepsCount" : 18,
    "attachmentsCount" : 0,
    "shouldDisplayMessage" : false,
    "hasContent" : true
  },
  "afterStages" : [ {
    "name" : "tearDown",
    "time" : {
      "start" : 1622184066927,
      "stop" : 1622184067186,
      "duration" : 259
    },
    "description" : "",
    "status" : "passed",
    "steps" : [ {
      "name" : "Attach Data To Report",
      "time" : {
        "start" : 1622184066927,
        "stop" : 1622184067048,
        "duration" : 121
      },
      "status" : "passed",
      "steps" : [ ],
      "attachments" : [ {
        "uid" : "140d2ae82119eb8a",
        "name" : "error-screenshot.png",
        "source" : "140d2ae82119eb8a.png",
        "type" : "image/png",
        "size" : 81465
      } ],
      "parameters" : [ {
        "name" : "testResult",
        "value" : "[TestResult name=correctSearchByVendorCodeProductNameBrandSizeInSearchBar status=FAILURE method=PonedPageSearchTest.correctSearchByVendorCodeProductNameBrandSizeInSearchBar(ru.wildberries.models.catalog.CatalogItem)[pri:0, instance:ru.wildberries.tests.search.PonedPageSearchTest@4a890fdd] output={null}]"
      } ],
      "stepsCount" : 0,
      "attachmentsCount" : 1,
      "shouldDisplayMessage" : false,
      "hasContent" : true
    } ],
    "attachments" : [ ],
    "parameters" : [ ],
    "stepsCount" : 1,
    "attachmentsCount" : 1,
    "shouldDisplayMessage" : false,
    "hasContent" : true
  } ],
  "labels" : [ {
    "name" : "package",
    "value" : "ru.wildberries.tests.search.PonedPageSearchTest"
  }, {
    "name" : "testClass",
    "value" : "ru.wildberries.tests.search.PonedPageSearchTest"
  }, {
    "name" : "testMethod",
    "value" : "correctSearchByVendorCodeProductNameBrandSizeInSearchBar"
  }, {
    "name" : "parentSuite",
    "value" : "Regression Suite (all tests)"
  }, {
    "name" : "suite",
    "value" : "Поиск"
  }, {
    "name" : "subSuite",
    "value" : "ru.wildberries.tests.search.PonedPageSearchTest"
  }, {
    "name" : "host",
    "value" : "runner-zwfryps-project-4682-concurrent-0"
  }, {
    "name" : "thread",
    "value" : "572@runner-zwfryps-project-4682-concurrent-0.TestNG-tests-1(65)"
  }, {
    "name" : "framework",
    "value" : "testng"
  }, {
    "name" : "language",
    "value" : "java"
  }, {
    "name" : "epic",
    "value" : "Regression"
  }, {
    "name" : "feature",
    "value" : "Search"
  }, {
    "name" : "story",
    "value" : "Search on poned page"
  }, {
    "name" : "resultFormat",
    "value" : "allure2"
  } ],
  "parameters" : [ {
    "name" : "arg0",
    "value" : "CatalogItem(vendorCode=5275302)"
  } ],
  "links" : [ ],
  "hidden" : false,
  "retry" : false,
  "extra" : {
    "severity" : "normal",
    "retries" : [ ],
    "categories" : [ {
      "name" : "Infrastructure problems",
      "matchedStatuses" : [ "broken", "failed" ],
      "flaky" : false
    }, {
      "name" : "Test defects",
      "matchedStatuses" : [ "broken" ],
      "flaky" : false
    } ],
    "tags" : [ ]
  },
  "source" : "c175eab56f93be4f.json",
  "parameterValues" : [ "CatalogItem(vendorCode=5275302)" ]
}